<?xml version="1.0" encoding="UTF-8"?>
<!-- Generated by org.testng.reporters.JUnitReportReporter -->
<testsuite hostname="DESKTOP-P7M2M71" failures="0" tests="4" name="com.testng.prep.ParallerTest1" time="0.032" errors="0" timestamp="2022-12-28T16:48:50 IST" skipped="0">
  <testcase classname="com.testng.prep.ParallerTest1" name="pTestFour" time="0.020"/>
  <system-out/>
  <testcase classname="com.testng.prep.ParallerTest1" name="pTestOne" time="0.003"/>
  <system-out/>
  <testcase classname="com.testng.prep.ParallerTest1" name="pTestTwo" time="0.004"/>
  <system-out/>
  <testcase classname="com.testng.prep.ParallerTest1" name="pTestThree" time="0.005"/>
  <system-out/>
</testsuite> <!-- com.testng.prep.ParallerTest1 -->
