<?xml version="1.0" encoding="UTF-8"?>
<!-- Generated by org.testng.reporters.JUnitReportReporter -->
<testsuite hostname="DESKTOP-P7M2M71" failures="0" tests="4" name="com.testng.prep.ParameterizationTest" time="0.025" errors="0" timestamp="2022-12-28T15:32:15 IST" skipped="0">
  <testcase classname="com.testng.prep.ParameterizationTest" name="loginTest" time="0.004"/>
  <system-out/>
  <testcase classname="com.testng.prep.ParameterizationTest" name="getLinkText" time="0.002"/>
  <system-out/>
  <testcase classname="com.testng.prep.ParameterizationTest" name="webLogin" time="0.003"/>
  <system-out/>
  <testcase classname="com.testng.prep.ParameterizationTest" name="clickonlinks" time="0.016"/>
  <system-out/>
</testsuite> <!-- com.testng.prep.ParameterizationTest -->
