<?xml version="1.0" encoding="UTF-8"?>
<!-- Generated by org.testng.reporters.JUnitReportReporter -->
<testsuite hostname="DESKTOP-P7M2M71" failures="0" tests="3" name="com.testng.prep.DataProviderTest" time="0.030" errors="0" timestamp="2022-12-28T16:48:50 IST" skipped="0">
  <testcase classname="com.testng.prep.DataProviderTest" name="dtReader" time="0.003"/>
  <system-out/>
  <testcase classname="com.testng.prep.DataProviderTest" name="dtReader" time="0.008"/>
  <system-out/>
  <testcase classname="com.testng.prep.DataProviderTest" name="dtReader" time="0.019"/>
  <system-out/>
</testsuite> <!-- com.testng.prep.DataProviderTest -->
